date: 2013-10-13 17:52:38.657
argv: node /usr/local/bin/hexo server
os: Darwin 12.5.0 darwin x64
version:
  hexo: 2.2.0
  http_parser: 1.0
  node: 0.10.20
  v8: 3.14.5.9
  ares: 1.9.0-DEV
  uv: 0.10.17
  zlib: 1.2.3
  modules: 11
  openssl: 1.0.1e
---

[debug] 17:52:38.234 Configuration file load successfully
[debug] 17:52:38.237 Plugin loaded successfully: hexo-generator-sitemap
[debug] 17:52:38.319 Plugin loaded successfully: hexo-minifier
[debug] 17:52:38.320 Version info checked successfully
[debug] 17:52:38.320 Loading the database...
[debug] 17:52:38.595 Theme layout loaded
[debug] 17:52:38.597 Start watching theme layout...
[debug] 17:52:38.644 Theme source loaded
[error] 17:52:38.654 { rawMessage: 'Unable to parse.',
  parsedLine: 28,
  snippet: '  id: \'601721569851414\'',
  parsedFile: null,
  message: 'Theme configuration load failed',
  name: 'HexoError',
  stack: undefined }
[debug] 17:52:38.660 Processed: img/ipad.png
[debug] 17:52:38.663 Processed: img/iphone5.png
[debug] 17:52:38.664 Processed: img/logo.svg
[debug] 17:52:38.665 Processed: img/macbook.png
[debug] 17:52:38.665 Processed: img/mobiles.png
[debug] 17:52:38.666 Start watching theme source...